Mon, 29 May 2023 12:21:53 GMT
cathAll error
Stack: Error: ER_PARSE_ERROR: You have an error in your SQL syntax; check the manual that corresponds to your MariaDB server version for the right syntax to use near '?' at line 4
    at Query.Sequence._packetToError (C:\Users\Owner\Desktop\Studies\תרגילים\Development Meetings\Backend\node_modules\mysql\lib\protocol\sequences\Sequence.js:47:14)
    at Query.ErrorPacket (C:\Users\Owner\Desktop\Studies\תרגילים\Development Meetings\Backend\node_modules\mysql\lib\protocol\sequences\Query.js:79:18)
    at Protocol._parsePacket (C:\Users\Owner\Desktop\Studies\תרגילים\Development Meetings\Backend\node_modules\mysql\lib\protocol\Protocol.js:291:23)
    at Parser._parsePacket (C:\Users\Owner\Desktop\Studies\תרגילים\Development Meetings\Backend\node_modules\mysql\lib\protocol\Parser.js:433:10)
    at Parser.write (C:\Users\Owner\Desktop\Studies\תרגילים\Development Meetings\Backend\node_modules\mysql\lib\protocol\Parser.js:43:10)
    at Protocol.write (C:\Users\Owner\Desktop\Studies\תרגילים\Development Meetings\Backend\node_modules\mysql\lib\protocol\Protocol.js:38:16)
    at Socket.<anonymous> (C:\Users\Owner\Desktop\Studies\תרגילים\Development Meetings\Backend\node_modules\mysql\lib\Connection.js:88:28)
    at Socket.<anonymous> (C:\Users\Owner\Desktop\Studies\תרגילים\Development Meetings\Backend\node_modules\mysql\lib\Connection.js:526:10)
    at Socket.emit (node:events:513:28)
    at Socket.emit (node:domain:489:12)
    --------------------
    at Pool.query (C:\Users\Owner\Desktop\Studies\תרגילים\Development Meetings\Backend\node_modules\mysql\lib\Pool.js:199:23)
    at C:\Users\Owner\Desktop\Studies\תרגילים\Development Meetings\Backend\src\2-utils\dal.ts:14:20
    at new Promise (<anonymous>)
    at Object.execute (C:\Users\Owner\Desktop\Studies\תרגילים\Development Meetings\Backend\src\2-utils\dal.ts:13:12)
    at Object.<anonymous> (C:\Users\Owner\Desktop\Studies\תרגילים\Development Meetings\Backend\src\5-logic\MeetingsLogic.ts:19:30)
    at step (C:\Users\Owner\Desktop\Studies\תרגילים\Development Meetings\Backend\src\5-logic\MeetingsLogic.ts:33:23)
    at Object.next (C:\Users\Owner\Desktop\Studies\תרגילים\Development Meetings\Backend\src\5-logic\MeetingsLogic.ts:14:53)
    at C:\Users\Owner\Desktop\Studies\תרגילים\Development Meetings\Backend\src\5-logic\MeetingsLogic.ts:8:71
    at new Promise (<anonymous>)
    at __awaiter (C:\Users\Owner\Desktop\Studies\תרגילים\Development Meetings\Backend\src\5-logic\MeetingsLogic.ts:4:12)
----------------------------------------------------------------------------------------------------
Mon, 29 May 2023 12:23:20 GMT
cathAll error
Stack: Error: ER_PARSE_ERROR: You have an error in your SQL syntax; check the manual that corresponds to your MariaDB server version for the right syntax to use near '?' at line 4
    at Query.Sequence._packetToError (C:\Users\Owner\Desktop\Studies\תרגילים\Development Meetings\Backend\node_modules\mysql\lib\protocol\sequences\Sequence.js:47:14)
    at Query.ErrorPacket (C:\Users\Owner\Desktop\Studies\תרגילים\Development Meetings\Backend\node_modules\mysql\lib\protocol\sequences\Query.js:79:18)
    at Protocol._parsePacket (C:\Users\Owner\Desktop\Studies\תרגילים\Development Meetings\Backend\node_modules\mysql\lib\protocol\Protocol.js:291:23)
    at Parser._parsePacket (C:\Users\Owner\Desktop\Studies\תרגילים\Development Meetings\Backend\node_modules\mysql\lib\protocol\Parser.js:433:10)
    at Parser.write (C:\Users\Owner\Desktop\Studies\תרגילים\Development Meetings\Backend\node_modules\mysql\lib\protocol\Parser.js:43:10)
    at Protocol.write (C:\Users\Owner\Desktop\Studies\תרגילים\Development Meetings\Backend\node_modules\mysql\lib\protocol\Protocol.js:38:16)
    at Socket.<anonymous> (C:\Users\Owner\Desktop\Studies\תרגילים\Development Meetings\Backend\node_modules\mysql\lib\Connection.js:88:28)
    at Socket.<anonymous> (C:\Users\Owner\Desktop\Studies\תרגילים\Development Meetings\Backend\node_modules\mysql\lib\Connection.js:526:10)
    at Socket.emit (node:events:513:28)
    at Socket.emit (node:domain:489:12)
    --------------------
    at Pool.query (C:\Users\Owner\Desktop\Studies\תרגילים\Development Meetings\Backend\node_modules\mysql\lib\Pool.js:199:23)
    at C:\Users\Owner\Desktop\Studies\תרגילים\Development Meetings\Backend\src\2-utils\dal.ts:14:20
    at new Promise (<anonymous>)
    at Object.execute (C:\Users\Owner\Desktop\Studies\תרגילים\Development Meetings\Backend\src\2-utils\dal.ts:13:12)
    at Object.<anonymous> (C:\Users\Owner\Desktop\Studies\תרגילים\Development Meetings\Backend\src\5-logic\MeetingsLogic.ts:19:30)
    at step (C:\Users\Owner\Desktop\Studies\תרגילים\Development Meetings\Backend\src\5-logic\MeetingsLogic.ts:33:23)
    at Object.next (C:\Users\Owner\Desktop\Studies\תרגילים\Development Meetings\Backend\src\5-logic\MeetingsLogic.ts:14:53)
    at C:\Users\Owner\Desktop\Studies\תרגילים\Development Meetings\Backend\src\5-logic\MeetingsLogic.ts:8:71
    at new Promise (<anonymous>)
    at __awaiter (C:\Users\Owner\Desktop\Studies\תרגילים\Development Meetings\Backend\src\5-logic\MeetingsLogic.ts:4:12)
----------------------------------------------------------------------------------------------------
Mon, 29 May 2023 12:26:33 GMT
cathAll error
Stack: Error: ER_BAD_FIELD_ERROR: Unknown column 'M.developmentsGroupId' in 'where clause'
    at Query.Sequence._packetToError (C:\Users\Owner\Desktop\Studies\תרגילים\Development Meetings\Backend\node_modules\mysql\lib\protocol\sequences\Sequence.js:47:14)
    at Query.ErrorPacket (C:\Users\Owner\Desktop\Studies\תרגילים\Development Meetings\Backend\node_modules\mysql\lib\protocol\sequences\Query.js:79:18)
    at Protocol._parsePacket (C:\Users\Owner\Desktop\Studies\תרגילים\Development Meetings\Backend\node_modules\mysql\lib\protocol\Protocol.js:291:23)
    at Parser._parsePacket (C:\Users\Owner\Desktop\Studies\תרגילים\Development Meetings\Backend\node_modules\mysql\lib\protocol\Parser.js:433:10)
    at Parser.write (C:\Users\Owner\Desktop\Studies\תרגילים\Development Meetings\Backend\node_modules\mysql\lib\protocol\Parser.js:43:10)
    at Protocol.write (C:\Users\Owner\Desktop\Studies\תרגילים\Development Meetings\Backend\node_modules\mysql\lib\protocol\Protocol.js:38:16)
    at Socket.<anonymous> (C:\Users\Owner\Desktop\Studies\תרגילים\Development Meetings\Backend\node_modules\mysql\lib\Connection.js:88:28)
    at Socket.<anonymous> (C:\Users\Owner\Desktop\Studies\תרגילים\Development Meetings\Backend\node_modules\mysql\lib\Connection.js:526:10)
    at Socket.emit (node:events:513:28)
    at Socket.emit (node:domain:489:12)
    --------------------
    at Pool.query (C:\Users\Owner\Desktop\Studies\תרגילים\Development Meetings\Backend\node_modules\mysql\lib\Pool.js:199:23)
    at C:\Users\Owner\Desktop\Studies\תרגילים\Development Meetings\Backend\src\2-utils\dal.ts:14:20
    at new Promise (<anonymous>)
    at Object.execute (C:\Users\Owner\Desktop\Studies\תרגילים\Development Meetings\Backend\src\2-utils\dal.ts:13:12)
    at Object.<anonymous> (C:\Users\Owner\Desktop\Studies\תרגילים\Development Meetings\Backend\src\5-logic\MeetingsLogic.ts:19:30)
    at step (C:\Users\Owner\Desktop\Studies\תרגילים\Development Meetings\Backend\src\5-logic\MeetingsLogic.ts:33:23)
    at Object.next (C:\Users\Owner\Desktop\Studies\תרגילים\Development Meetings\Backend\src\5-logic\MeetingsLogic.ts:14:53)
    at C:\Users\Owner\Desktop\Studies\תרגילים\Development Meetings\Backend\src\5-logic\MeetingsLogic.ts:8:71
    at new Promise (<anonymous>)
    at __awaiter (C:\Users\Owner\Desktop\Studies\תרגילים\Development Meetings\Backend\src\5-logic\MeetingsLogic.ts:4:12)
----------------------------------------------------------------------------------------------------
Mon, 29 May 2023 12:30:18 GMT
cathAll error
Stack: Error: ER_BAD_FIELD_ERROR: Unknown column 'M.developmentsGroupId' in 'where clause'
    at Query.Sequence._packetToError (C:\Users\Owner\Desktop\Studies\תרגילים\Development Meetings\Backend\node_modules\mysql\lib\protocol\sequences\Sequence.js:47:14)
    at Query.ErrorPacket (C:\Users\Owner\Desktop\Studies\תרגילים\Development Meetings\Backend\node_modules\mysql\lib\protocol\sequences\Query.js:79:18)
    at Protocol._parsePacket (C:\Users\Owner\Desktop\Studies\תרגילים\Development Meetings\Backend\node_modules\mysql\lib\protocol\Protocol.js:291:23)
    at Parser._parsePacket (C:\Users\Owner\Desktop\Studies\תרגילים\Development Meetings\Backend\node_modules\mysql\lib\protocol\Parser.js:433:10)
    at Parser.write (C:\Users\Owner\Desktop\Studies\תרגילים\Development Meetings\Backend\node_modules\mysql\lib\protocol\Parser.js:43:10)
    at Protocol.write (C:\Users\Owner\Desktop\Studies\תרגילים\Development Meetings\Backend\node_modules\mysql\lib\protocol\Protocol.js:38:16)
    at Socket.<anonymous> (C:\Users\Owner\Desktop\Studies\תרגילים\Development Meetings\Backend\node_modules\mysql\lib\Connection.js:88:28)
    at Socket.<anonymous> (C:\Users\Owner\Desktop\Studies\תרגילים\Development Meetings\Backend\node_modules\mysql\lib\Connection.js:526:10)
    at Socket.emit (node:events:513:28)
    at Socket.emit (node:domain:489:12)
    --------------------
    at Pool.query (C:\Users\Owner\Desktop\Studies\תרגילים\Development Meetings\Backend\node_modules\mysql\lib\Pool.js:199:23)
    at C:\Users\Owner\Desktop\Studies\תרגילים\Development Meetings\Backend\src\2-utils\dal.ts:14:20
    at new Promise (<anonymous>)
    at Object.execute (C:\Users\Owner\Desktop\Studies\תרגילים\Development Meetings\Backend\src\2-utils\dal.ts:13:12)
    at Object.<anonymous> (C:\Users\Owner\Desktop\Studies\תרגילים\Development Meetings\Backend\src\5-logic\MeetingsLogic.ts:19:30)
    at step (C:\Users\Owner\Desktop\Studies\תרגילים\Development Meetings\Backend\src\5-logic\MeetingsLogic.ts:33:23)
    at Object.next (C:\Users\Owner\Desktop\Studies\תרגילים\Development Meetings\Backend\src\5-logic\MeetingsLogic.ts:14:53)
    at C:\Users\Owner\Desktop\Studies\תרגילים\Development Meetings\Backend\src\5-logic\MeetingsLogic.ts:8:71
    at new Promise (<anonymous>)
    at __awaiter (C:\Users\Owner\Desktop\Studies\תרגילים\Development Meetings\Backend\src\5-logic\MeetingsLogic.ts:4:12)
----------------------------------------------------------------------------------------------------
Mon, 29 May 2023 12:31:32 GMT
cathAll error
Stack: Error: ER_BAD_FIELD_ERROR: Unknown column 'M.developmentsGroupId' in 'where clause'
    at Query.Sequence._packetToError (C:\Users\Owner\Desktop\Studies\תרגילים\Development Meetings\Backend\node_modules\mysql\lib\protocol\sequences\Sequence.js:47:14)
    at Query.ErrorPacket (C:\Users\Owner\Desktop\Studies\תרגילים\Development Meetings\Backend\node_modules\mysql\lib\protocol\sequences\Query.js:79:18)
    at Protocol._parsePacket (C:\Users\Owner\Desktop\Studies\תרגילים\Development Meetings\Backend\node_modules\mysql\lib\protocol\Protocol.js:291:23)
    at Parser._parsePacket (C:\Users\Owner\Desktop\Studies\תרגילים\Development Meetings\Backend\node_modules\mysql\lib\protocol\Parser.js:433:10)
    at Parser.write (C:\Users\Owner\Desktop\Studies\תרגילים\Development Meetings\Backend\node_modules\mysql\lib\protocol\Parser.js:43:10)
    at Protocol.write (C:\Users\Owner\Desktop\Studies\תרגילים\Development Meetings\Backend\node_modules\mysql\lib\protocol\Protocol.js:38:16)
    at Socket.<anonymous> (C:\Users\Owner\Desktop\Studies\תרגילים\Development Meetings\Backend\node_modules\mysql\lib\Connection.js:88:28)
    at Socket.<anonymous> (C:\Users\Owner\Desktop\Studies\תרגילים\Development Meetings\Backend\node_modules\mysql\lib\Connection.js:526:10)
    at Socket.emit (node:events:513:28)
    at Socket.emit (node:domain:489:12)
    --------------------
    at Pool.query (C:\Users\Owner\Desktop\Studies\תרגילים\Development Meetings\Backend\node_modules\mysql\lib\Pool.js:199:23)
    at C:\Users\Owner\Desktop\Studies\תרגילים\Development Meetings\Backend\src\2-utils\dal.ts:14:20
    at new Promise (<anonymous>)
    at Object.execute (C:\Users\Owner\Desktop\Studies\תרגילים\Development Meetings\Backend\src\2-utils\dal.ts:13:12)
    at Object.<anonymous> (C:\Users\Owner\Desktop\Studies\תרגילים\Development Meetings\Backend\src\5-logic\MeetingsLogic.ts:19:30)
    at step (C:\Users\Owner\Desktop\Studies\תרגילים\Development Meetings\Backend\src\5-logic\MeetingsLogic.ts:33:23)
    at Object.next (C:\Users\Owner\Desktop\Studies\תרגילים\Development Meetings\Backend\src\5-logic\MeetingsLogic.ts:14:53)
    at C:\Users\Owner\Desktop\Studies\תרגילים\Development Meetings\Backend\src\5-logic\MeetingsLogic.ts:8:71
    at new Promise (<anonymous>)
    at __awaiter (C:\Users\Owner\Desktop\Studies\תרגילים\Development Meetings\Backend\src\5-logic\MeetingsLogic.ts:4:12)
----------------------------------------------------------------------------------------------------
Mon, 29 May 2023 12:32:32 GMT
cathAll error
Stack: Error: ER_BAD_FIELD_ERROR: Unknown column 'M.developmentsGroupId' in 'where clause'
    at Query.Sequence._packetToError (C:\Users\Owner\Desktop\Studies\תרגילים\Development Meetings\Backend\node_modules\mysql\lib\protocol\sequences\Sequence.js:47:14)
    at Query.ErrorPacket (C:\Users\Owner\Desktop\Studies\תרגילים\Development Meetings\Backend\node_modules\mysql\lib\protocol\sequences\Query.js:79:18)
    at Protocol._parsePacket (C:\Users\Owner\Desktop\Studies\תרגילים\Development Meetings\Backend\node_modules\mysql\lib\protocol\Protocol.js:291:23)
    at Parser._parsePacket (C:\Users\Owner\Desktop\Studies\תרגילים\Development Meetings\Backend\node_modules\mysql\lib\protocol\Parser.js:433:10)
    at Parser.write (C:\Users\Owner\Desktop\Studies\תרגילים\Development Meetings\Backend\node_modules\mysql\lib\protocol\Parser.js:43:10)
    at Protocol.write (C:\Users\Owner\Desktop\Studies\תרגילים\Development Meetings\Backend\node_modules\mysql\lib\protocol\Protocol.js:38:16)
    at Socket.<anonymous> (C:\Users\Owner\Desktop\Studies\תרגילים\Development Meetings\Backend\node_modules\mysql\lib\Connection.js:88:28)
    at Socket.<anonymous> (C:\Users\Owner\Desktop\Studies\תרגילים\Development Meetings\Backend\node_modules\mysql\lib\Connection.js:526:10)
    at Socket.emit (node:events:513:28)
    at Socket.emit (node:domain:489:12)
    --------------------
    at Pool.query (C:\Users\Owner\Desktop\Studies\תרגילים\Development Meetings\Backend\node_modules\mysql\lib\Pool.js:199:23)
    at C:\Users\Owner\Desktop\Studies\תרגילים\Development Meetings\Backend\src\2-utils\dal.ts:14:20
    at new Promise (<anonymous>)
    at Object.execute (C:\Users\Owner\Desktop\Studies\תרגילים\Development Meetings\Backend\src\2-utils\dal.ts:13:12)
    at Object.<anonymous> (C:\Users\Owner\Desktop\Studies\תרגילים\Development Meetings\Backend\src\5-logic\MeetingsLogic.ts:19:30)
    at step (C:\Users\Owner\Desktop\Studies\תרגילים\Development Meetings\Backend\src\5-logic\MeetingsLogic.ts:33:23)
    at Object.next (C:\Users\Owner\Desktop\Studies\תרגילים\Development Meetings\Backend\src\5-logic\MeetingsLogic.ts:14:53)
    at C:\Users\Owner\Desktop\Studies\תרגילים\Development Meetings\Backend\src\5-logic\MeetingsLogic.ts:8:71
    at new Promise (<anonymous>)
    at __awaiter (C:\Users\Owner\Desktop\Studies\תרגילים\Development Meetings\Backend\src\5-logic\MeetingsLogic.ts:4:12)
----------------------------------------------------------------------------------------------------
Mon, 29 May 2023 12:33:19 GMT
cathAll error
Stack: Error: ER_BAD_FIELD_ERROR: Unknown column 'M.developmentsGroupId' in 'where clause'
    at Query.Sequence._packetToError (C:\Users\Owner\Desktop\Studies\תרגילים\Development Meetings\Backend\node_modules\mysql\lib\protocol\sequences\Sequence.js:47:14)
    at Query.ErrorPacket (C:\Users\Owner\Desktop\Studies\תרגילים\Development Meetings\Backend\node_modules\mysql\lib\protocol\sequences\Query.js:79:18)
    at Protocol._parsePacket (C:\Users\Owner\Desktop\Studies\תרגילים\Development Meetings\Backend\node_modules\mysql\lib\protocol\Protocol.js:291:23)
    at Parser._parsePacket (C:\Users\Owner\Desktop\Studies\תרגילים\Development Meetings\Backend\node_modules\mysql\lib\protocol\Parser.js:433:10)
    at Parser.write (C:\Users\Owner\Desktop\Studies\תרגילים\Development Meetings\Backend\node_modules\mysql\lib\protocol\Parser.js:43:10)
    at Protocol.write (C:\Users\Owner\Desktop\Studies\תרגילים\Development Meetings\Backend\node_modules\mysql\lib\protocol\Protocol.js:38:16)
    at Socket.<anonymous> (C:\Users\Owner\Desktop\Studies\תרגילים\Development Meetings\Backend\node_modules\mysql\lib\Connection.js:88:28)
    at Socket.<anonymous> (C:\Users\Owner\Desktop\Studies\תרגילים\Development Meetings\Backend\node_modules\mysql\lib\Connection.js:526:10)
    at Socket.emit (node:events:513:28)
    at Socket.emit (node:domain:489:12)
    --------------------
    at Pool.query (C:\Users\Owner\Desktop\Studies\תרגילים\Development Meetings\Backend\node_modules\mysql\lib\Pool.js:199:23)
    at C:\Users\Owner\Desktop\Studies\תרגילים\Development Meetings\Backend\src\2-utils\dal.ts:14:20
    at new Promise (<anonymous>)
    at Object.execute (C:\Users\Owner\Desktop\Studies\תרגילים\Development Meetings\Backend\src\2-utils\dal.ts:13:12)
    at Object.<anonymous> (C:\Users\Owner\Desktop\Studies\תרגילים\Development Meetings\Backend\src\5-logic\MeetingsLogic.ts:19:30)
    at step (C:\Users\Owner\Desktop\Studies\תרגילים\Development Meetings\Backend\src\5-logic\MeetingsLogic.ts:33:23)
    at Object.next (C:\Users\Owner\Desktop\Studies\תרגילים\Development Meetings\Backend\src\5-logic\MeetingsLogic.ts:14:53)
    at C:\Users\Owner\Desktop\Studies\תרגילים\Development Meetings\Backend\src\5-logic\MeetingsLogic.ts:8:71
    at new Promise (<anonymous>)
    at __awaiter (C:\Users\Owner\Desktop\Studies\תרגילים\Development Meetings\Backend\src\5-logic\MeetingsLogic.ts:4:12)
----------------------------------------------------------------------------------------------------
Mon, 29 May 2023 12:33:21 GMT
cathAll error
Stack: Error: ER_BAD_FIELD_ERROR: Unknown column 'M.developmentsGroupId' in 'where clause'
    at Query.Sequence._packetToError (C:\Users\Owner\Desktop\Studies\תרגילים\Development Meetings\Backend\node_modules\mysql\lib\protocol\sequences\Sequence.js:47:14)
    at Query.ErrorPacket (C:\Users\Owner\Desktop\Studies\תרגילים\Development Meetings\Backend\node_modules\mysql\lib\protocol\sequences\Query.js:79:18)
    at Protocol._parsePacket (C:\Users\Owner\Desktop\Studies\תרגילים\Development Meetings\Backend\node_modules\mysql\lib\protocol\Protocol.js:291:23)
    at Parser._parsePacket (C:\Users\Owner\Desktop\Studies\תרגילים\Development Meetings\Backend\node_modules\mysql\lib\protocol\Parser.js:433:10)
    at Parser.write (C:\Users\Owner\Desktop\Studies\תרגילים\Development Meetings\Backend\node_modules\mysql\lib\protocol\Parser.js:43:10)
    at Protocol.write (C:\Users\Owner\Desktop\Studies\תרגילים\Development Meetings\Backend\node_modules\mysql\lib\protocol\Protocol.js:38:16)
    at Socket.<anonymous> (C:\Users\Owner\Desktop\Studies\תרגילים\Development Meetings\Backend\node_modules\mysql\lib\Connection.js:88:28)
    at Socket.<anonymous> (C:\Users\Owner\Desktop\Studies\תרגילים\Development Meetings\Backend\node_modules\mysql\lib\Connection.js:526:10)
    at Socket.emit (node:events:513:28)
    at Socket.emit (node:domain:489:12)
    --------------------
    at Pool.query (C:\Users\Owner\Desktop\Studies\תרגילים\Development Meetings\Backend\node_modules\mysql\lib\Pool.js:199:23)
    at C:\Users\Owner\Desktop\Studies\תרגילים\Development Meetings\Backend\src\2-utils\dal.ts:14:20
    at new Promise (<anonymous>)
    at Object.execute (C:\Users\Owner\Desktop\Studies\תרגילים\Development Meetings\Backend\src\2-utils\dal.ts:13:12)
    at Object.<anonymous> (C:\Users\Owner\Desktop\Studies\תרגילים\Development Meetings\Backend\src\5-logic\MeetingsLogic.ts:19:30)
    at step (C:\Users\Owner\Desktop\Studies\תרגילים\Development Meetings\Backend\src\5-logic\MeetingsLogic.ts:33:23)
    at Object.next (C:\Users\Owner\Desktop\Studies\תרגילים\Development Meetings\Backend\src\5-logic\MeetingsLogic.ts:14:53)
    at C:\Users\Owner\Desktop\Studies\תרגילים\Development Meetings\Backend\src\5-logic\MeetingsLogic.ts:8:71
    at new Promise (<anonymous>)
    at __awaiter (C:\Users\Owner\Desktop\Studies\תרגילים\Development Meetings\Backend\src\5-logic\MeetingsLogic.ts:4:12)
----------------------------------------------------------------------------------------------------
Mon, 29 May 2023 12:34:21 GMT
cathAll error
Stack: Error: ER_BAD_FIELD_ERROR: Unknown column 'M.developmentsGroupId' in 'where clause'
    at Query.Sequence._packetToError (C:\Users\Owner\Desktop\Studies\תרגילים\Development Meetings\Backend\node_modules\mysql\lib\protocol\sequences\Sequence.js:47:14)
    at Query.ErrorPacket (C:\Users\Owner\Desktop\Studies\תרגילים\Development Meetings\Backend\node_modules\mysql\lib\protocol\sequences\Query.js:79:18)
    at Protocol._parsePacket (C:\Users\Owner\Desktop\Studies\תרגילים\Development Meetings\Backend\node_modules\mysql\lib\protocol\Protocol.js:291:23)
    at Parser._parsePacket (C:\Users\Owner\Desktop\Studies\תרגילים\Development Meetings\Backend\node_modules\mysql\lib\protocol\Parser.js:433:10)
    at Parser.write (C:\Users\Owner\Desktop\Studies\תרגילים\Development Meetings\Backend\node_modules\mysql\lib\protocol\Parser.js:43:10)
    at Protocol.write (C:\Users\Owner\Desktop\Studies\תרגילים\Development Meetings\Backend\node_modules\mysql\lib\protocol\Protocol.js:38:16)
    at Socket.<anonymous> (C:\Users\Owner\Desktop\Studies\תרגילים\Development Meetings\Backend\node_modules\mysql\lib\Connection.js:88:28)
    at Socket.<anonymous> (C:\Users\Owner\Desktop\Studies\תרגילים\Development Meetings\Backend\node_modules\mysql\lib\Connection.js:526:10)
    at Socket.emit (node:events:513:28)
    at Socket.emit (node:domain:489:12)
    --------------------
    at Pool.query (C:\Users\Owner\Desktop\Studies\תרגילים\Development Meetings\Backend\node_modules\mysql\lib\Pool.js:199:23)
    at C:\Users\Owner\Desktop\Studies\תרגילים\Development Meetings\Backend\src\2-utils\dal.ts:14:20
    at new Promise (<anonymous>)
    at Object.execute (C:\Users\Owner\Desktop\Studies\תרגילים\Development Meetings\Backend\src\2-utils\dal.ts:13:12)
    at Object.<anonymous> (C:\Users\Owner\Desktop\Studies\תרגילים\Development Meetings\Backend\src\5-logic\MeetingsLogic.ts:19:30)
    at step (C:\Users\Owner\Desktop\Studies\תרגילים\Development Meetings\Backend\src\5-logic\MeetingsLogic.ts:33:23)
    at Object.next (C:\Users\Owner\Desktop\Studies\תרגילים\Development Meetings\Backend\src\5-logic\MeetingsLogic.ts:14:53)
    at C:\Users\Owner\Desktop\Studies\תרגילים\Development Meetings\Backend\src\5-logic\MeetingsLogic.ts:8:71
    at new Promise (<anonymous>)
    at __awaiter (C:\Users\Owner\Desktop\Studies\תרגילים\Development Meetings\Backend\src\5-logic\MeetingsLogic.ts:4:12)
----------------------------------------------------------------------------------------------------
Mon, 29 May 2023 12:34:23 GMT
cathAll error
Stack: Error: ER_BAD_FIELD_ERROR: Unknown column 'M.developmentsGroupId' in 'where clause'
    at Query.Sequence._packetToError (C:\Users\Owner\Desktop\Studies\תרגילים\Development Meetings\Backend\node_modules\mysql\lib\protocol\sequences\Sequence.js:47:14)
    at Query.ErrorPacket (C:\Users\Owner\Desktop\Studies\תרגילים\Development Meetings\Backend\node_modules\mysql\lib\protocol\sequences\Query.js:79:18)
    at Protocol._parsePacket (C:\Users\Owner\Desktop\Studies\תרגילים\Development Meetings\Backend\node_modules\mysql\lib\protocol\Protocol.js:291:23)
    at Parser._parsePacket (C:\Users\Owner\Desktop\Studies\תרגילים\Development Meetings\Backend\node_modules\mysql\lib\protocol\Parser.js:433:10)
    at Parser.write (C:\Users\Owner\Desktop\Studies\תרגילים\Development Meetings\Backend\node_modules\mysql\lib\protocol\Parser.js:43:10)
    at Protocol.write (C:\Users\Owner\Desktop\Studies\תרגילים\Development Meetings\Backend\node_modules\mysql\lib\protocol\Protocol.js:38:16)
    at Socket.<anonymous> (C:\Users\Owner\Desktop\Studies\תרגילים\Development Meetings\Backend\node_modules\mysql\lib\Connection.js:88:28)
    at Socket.<anonymous> (C:\Users\Owner\Desktop\Studies\תרגילים\Development Meetings\Backend\node_modules\mysql\lib\Connection.js:526:10)
    at Socket.emit (node:events:513:28)
    at Socket.emit (node:domain:489:12)
    --------------------
    at Pool.query (C:\Users\Owner\Desktop\Studies\תרגילים\Development Meetings\Backend\node_modules\mysql\lib\Pool.js:199:23)
    at C:\Users\Owner\Desktop\Studies\תרגילים\Development Meetings\Backend\src\2-utils\dal.ts:14:20
    at new Promise (<anonymous>)
    at Object.execute (C:\Users\Owner\Desktop\Studies\תרגילים\Development Meetings\Backend\src\2-utils\dal.ts:13:12)
    at Object.<anonymous> (C:\Users\Owner\Desktop\Studies\תרגילים\Development Meetings\Backend\src\5-logic\MeetingsLogic.ts:19:30)
    at step (C:\Users\Owner\Desktop\Studies\תרגילים\Development Meetings\Backend\src\5-logic\MeetingsLogic.ts:33:23)
    at Object.next (C:\Users\Owner\Desktop\Studies\תרגילים\Development Meetings\Backend\src\5-logic\MeetingsLogic.ts:14:53)
    at C:\Users\Owner\Desktop\Studies\תרגילים\Development Meetings\Backend\src\5-logic\MeetingsLogic.ts:8:71
    at new Promise (<anonymous>)
    at __awaiter (C:\Users\Owner\Desktop\Studies\תרגילים\Development Meetings\Backend\src\5-logic\MeetingsLogic.ts:4:12)
----------------------------------------------------------------------------------------------------
Mon, 29 May 2023 12:34:25 GMT
cathAll error
Stack: Error: ER_BAD_FIELD_ERROR: Unknown column 'M.developmentsGroupId' in 'where clause'
    at Query.Sequence._packetToError (C:\Users\Owner\Desktop\Studies\תרגילים\Development Meetings\Backend\node_modules\mysql\lib\protocol\sequences\Sequence.js:47:14)
    at Query.ErrorPacket (C:\Users\Owner\Desktop\Studies\תרגילים\Development Meetings\Backend\node_modules\mysql\lib\protocol\sequences\Query.js:79:18)
    at Protocol._parsePacket (C:\Users\Owner\Desktop\Studies\תרגילים\Development Meetings\Backend\node_modules\mysql\lib\protocol\Protocol.js:291:23)
    at Parser._parsePacket (C:\Users\Owner\Desktop\Studies\תרגילים\Development Meetings\Backend\node_modules\mysql\lib\protocol\Parser.js:433:10)
    at Parser.write (C:\Users\Owner\Desktop\Studies\תרגילים\Development Meetings\Backend\node_modules\mysql\lib\protocol\Parser.js:43:10)
    at Protocol.write (C:\Users\Owner\Desktop\Studies\תרגילים\Development Meetings\Backend\node_modules\mysql\lib\protocol\Protocol.js:38:16)
    at Socket.<anonymous> (C:\Users\Owner\Desktop\Studies\תרגילים\Development Meetings\Backend\node_modules\mysql\lib\Connection.js:88:28)
    at Socket.<anonymous> (C:\Users\Owner\Desktop\Studies\תרגילים\Development Meetings\Backend\node_modules\mysql\lib\Connection.js:526:10)
    at Socket.emit (node:events:513:28)
    at Socket.emit (node:domain:489:12)
    --------------------
    at Pool.query (C:\Users\Owner\Desktop\Studies\תרגילים\Development Meetings\Backend\node_modules\mysql\lib\Pool.js:199:23)
    at C:\Users\Owner\Desktop\Studies\תרגילים\Development Meetings\Backend\src\2-utils\dal.ts:14:20
    at new Promise (<anonymous>)
    at Object.execute (C:\Users\Owner\Desktop\Studies\תרגילים\Development Meetings\Backend\src\2-utils\dal.ts:13:12)
    at Object.<anonymous> (C:\Users\Owner\Desktop\Studies\תרגילים\Development Meetings\Backend\src\5-logic\MeetingsLogic.ts:19:30)
    at step (C:\Users\Owner\Desktop\Studies\תרגילים\Development Meetings\Backend\src\5-logic\MeetingsLogic.ts:33:23)
    at Object.next (C:\Users\Owner\Desktop\Studies\תרגילים\Development Meetings\Backend\src\5-logic\MeetingsLogic.ts:14:53)
    at C:\Users\Owner\Desktop\Studies\תרגילים\Development Meetings\Backend\src\5-logic\MeetingsLogic.ts:8:71
    at new Promise (<anonymous>)
    at __awaiter (C:\Users\Owner\Desktop\Studies\תרגילים\Development Meetings\Backend\src\5-logic\MeetingsLogic.ts:4:12)
----------------------------------------------------------------------------------------------------
Mon, 29 May 2023 12:36:37 GMT
cathAll error
Stack: Error: ER_BAD_FIELD_ERROR: Unknown column 'M.developmentsGroupId' in 'on clause'
    at Query.Sequence._packetToError (C:\Users\Owner\Desktop\Studies\תרגילים\Development Meetings\Backend\node_modules\mysql\lib\protocol\sequences\Sequence.js:47:14)
    at Query.ErrorPacket (C:\Users\Owner\Desktop\Studies\תרגילים\Development Meetings\Backend\node_modules\mysql\lib\protocol\sequences\Query.js:79:18)
    at Protocol._parsePacket (C:\Users\Owner\Desktop\Studies\תרגילים\Development Meetings\Backend\node_modules\mysql\lib\protocol\Protocol.js:291:23)
    at Parser._parsePacket (C:\Users\Owner\Desktop\Studies\תרגילים\Development Meetings\Backend\node_modules\mysql\lib\protocol\Parser.js:433:10)
    at Parser.write (C:\Users\Owner\Desktop\Studies\תרגילים\Development Meetings\Backend\node_modules\mysql\lib\protocol\Parser.js:43:10)
    at Protocol.write (C:\Users\Owner\Desktop\Studies\תרגילים\Development Meetings\Backend\node_modules\mysql\lib\protocol\Protocol.js:38:16)
    at Socket.<anonymous> (C:\Users\Owner\Desktop\Studies\תרגילים\Development Meetings\Backend\node_modules\mysql\lib\Connection.js:88:28)
    at Socket.<anonymous> (C:\Users\Owner\Desktop\Studies\תרגילים\Development Meetings\Backend\node_modules\mysql\lib\Connection.js:526:10)
    at Socket.emit (node:events:513:28)
    at Socket.emit (node:domain:489:12)
    --------------------
    at Pool.query (C:\Users\Owner\Desktop\Studies\תרגילים\Development Meetings\Backend\node_modules\mysql\lib\Pool.js:199:23)
    at C:\Users\Owner\Desktop\Studies\תרגילים\Development Meetings\Backend\src\2-utils\dal.ts:14:20
    at new Promise (<anonymous>)
    at Object.execute (C:\Users\Owner\Desktop\Studies\תרגילים\Development Meetings\Backend\src\2-utils\dal.ts:13:12)
    at Object.<anonymous> (C:\Users\Owner\Desktop\Studies\תרגילים\Development Meetings\Backend\src\5-logic\MeetingsLogic.ts:19:30)
    at step (C:\Users\Owner\Desktop\Studies\תרגילים\Development Meetings\Backend\src\5-logic\MeetingsLogic.ts:33:23)
    at Object.next (C:\Users\Owner\Desktop\Studies\תרגילים\Development Meetings\Backend\src\5-logic\MeetingsLogic.ts:14:53)
    at C:\Users\Owner\Desktop\Studies\תרגילים\Development Meetings\Backend\src\5-logic\MeetingsLogic.ts:8:71
    at new Promise (<anonymous>)
    at __awaiter (C:\Users\Owner\Desktop\Studies\תרגילים\Development Meetings\Backend\src\5-logic\MeetingsLogic.ts:4:12)
----------------------------------------------------------------------------------------------------
Mon, 29 May 2023 12:36:39 GMT
cathAll error
Stack: Error: ER_BAD_FIELD_ERROR: Unknown column 'M.developmentsGroupId' in 'on clause'
    at Query.Sequence._packetToError (C:\Users\Owner\Desktop\Studies\תרגילים\Development Meetings\Backend\node_modules\mysql\lib\protocol\sequences\Sequence.js:47:14)
    at Query.ErrorPacket (C:\Users\Owner\Desktop\Studies\תרגילים\Development Meetings\Backend\node_modules\mysql\lib\protocol\sequences\Query.js:79:18)
    at Protocol._parsePacket (C:\Users\Owner\Desktop\Studies\תרגילים\Development Meetings\Backend\node_modules\mysql\lib\protocol\Protocol.js:291:23)
    at Parser._parsePacket (C:\Users\Owner\Desktop\Studies\תרגילים\Development Meetings\Backend\node_modules\mysql\lib\protocol\Parser.js:433:10)
    at Parser.write (C:\Users\Owner\Desktop\Studies\תרגילים\Development Meetings\Backend\node_modules\mysql\lib\protocol\Parser.js:43:10)
    at Protocol.write (C:\Users\Owner\Desktop\Studies\תרגילים\Development Meetings\Backend\node_modules\mysql\lib\protocol\Protocol.js:38:16)
    at Socket.<anonymous> (C:\Users\Owner\Desktop\Studies\תרגילים\Development Meetings\Backend\node_modules\mysql\lib\Connection.js:88:28)
    at Socket.<anonymous> (C:\Users\Owner\Desktop\Studies\תרגילים\Development Meetings\Backend\node_modules\mysql\lib\Connection.js:526:10)
    at Socket.emit (node:events:513:28)
    at Socket.emit (node:domain:489:12)
    --------------------
    at Pool.query (C:\Users\Owner\Desktop\Studies\תרגילים\Development Meetings\Backend\node_modules\mysql\lib\Pool.js:199:23)
    at C:\Users\Owner\Desktop\Studies\תרגילים\Development Meetings\Backend\src\2-utils\dal.ts:14:20
    at new Promise (<anonymous>)
    at Object.execute (C:\Users\Owner\Desktop\Studies\תרגילים\Development Meetings\Backend\src\2-utils\dal.ts:13:12)
    at Object.<anonymous> (C:\Users\Owner\Desktop\Studies\תרגילים\Development Meetings\Backend\src\5-logic\MeetingsLogic.ts:19:30)
    at step (C:\Users\Owner\Desktop\Studies\תרגילים\Development Meetings\Backend\src\5-logic\MeetingsLogic.ts:33:23)
    at Object.next (C:\Users\Owner\Desktop\Studies\תרגילים\Development Meetings\Backend\src\5-logic\MeetingsLogic.ts:14:53)
    at C:\Users\Owner\Desktop\Studies\תרגילים\Development Meetings\Backend\src\5-logic\MeetingsLogic.ts:8:71
    at new Promise (<anonymous>)
    at __awaiter (C:\Users\Owner\Desktop\Studies\תרגילים\Development Meetings\Backend\src\5-logic\MeetingsLogic.ts:4:12)
----------------------------------------------------------------------------------------------------
Mon, 29 May 2023 12:40:48 GMT
cathAll error
Stack: Error: ER_BAD_FIELD_ERROR: Unknown column 'M.developmentsGroupId' in 'on clause'
    at Query.Sequence._packetToError (C:\Users\Owner\Desktop\Studies\תרגילים\Development Meetings\Backend\node_modules\mysql\lib\protocol\sequences\Sequence.js:47:14)
    at Query.ErrorPacket (C:\Users\Owner\Desktop\Studies\תרגילים\Development Meetings\Backend\node_modules\mysql\lib\protocol\sequences\Query.js:79:18)
    at Protocol._parsePacket (C:\Users\Owner\Desktop\Studies\תרגילים\Development Meetings\Backend\node_modules\mysql\lib\protocol\Protocol.js:291:23)
    at Parser._parsePacket (C:\Users\Owner\Desktop\Studies\תרגילים\Development Meetings\Backend\node_modules\mysql\lib\protocol\Parser.js:433:10)
    at Parser.write (C:\Users\Owner\Desktop\Studies\תרגילים\Development Meetings\Backend\node_modules\mysql\lib\protocol\Parser.js:43:10)
    at Protocol.write (C:\Users\Owner\Desktop\Studies\תרגילים\Development Meetings\Backend\node_modules\mysql\lib\protocol\Protocol.js:38:16)
    at Socket.<anonymous> (C:\Users\Owner\Desktop\Studies\תרגילים\Development Meetings\Backend\node_modules\mysql\lib\Connection.js:88:28)
    at Socket.<anonymous> (C:\Users\Owner\Desktop\Studies\תרגילים\Development Meetings\Backend\node_modules\mysql\lib\Connection.js:526:10)
    at Socket.emit (node:events:513:28)
    at Socket.emit (node:domain:489:12)
    --------------------
    at Pool.query (C:\Users\Owner\Desktop\Studies\תרגילים\Development Meetings\Backend\node_modules\mysql\lib\Pool.js:199:23)
    at C:\Users\Owner\Desktop\Studies\תרגילים\Development Meetings\Backend\src\2-utils\dal.ts:14:20
    at new Promise (<anonymous>)
    at Object.execute (C:\Users\Owner\Desktop\Studies\תרגילים\Development Meetings\Backend\src\2-utils\dal.ts:13:12)
    at Object.<anonymous> (C:\Users\Owner\Desktop\Studies\תרגילים\Development Meetings\Backend\src\5-logic\MeetingsLogic.ts:19:30)
    at step (C:\Users\Owner\Desktop\Studies\תרגילים\Development Meetings\Backend\src\5-logic\MeetingsLogic.ts:33:23)
    at Object.next (C:\Users\Owner\Desktop\Studies\תרגילים\Development Meetings\Backend\src\5-logic\MeetingsLogic.ts:14:53)
    at C:\Users\Owner\Desktop\Studies\תרגילים\Development Meetings\Backend\src\5-logic\MeetingsLogic.ts:8:71
    at new Promise (<anonymous>)
    at __awaiter (C:\Users\Owner\Desktop\Studies\תרגילים\Development Meetings\Backend\src\5-logic\MeetingsLogic.ts:4:12)
----------------------------------------------------------------------------------------------------
Mon, 29 May 2023 12:42:17 GMT
cathAll error
Stack: Error: ER_BAD_FIELD_ERROR: Unknown column 'M.developmentsGroupId' in 'where clause'
    at Query.Sequence._packetToError (C:\Users\Owner\Desktop\Studies\תרגילים\Development Meetings\Backend\node_modules\mysql\lib\protocol\sequences\Sequence.js:47:14)
    at Query.ErrorPacket (C:\Users\Owner\Desktop\Studies\תרגילים\Development Meetings\Backend\node_modules\mysql\lib\protocol\sequences\Query.js:79:18)
    at Protocol._parsePacket (C:\Users\Owner\Desktop\Studies\תרגילים\Development Meetings\Backend\node_modules\mysql\lib\protocol\Protocol.js:291:23)
    at Parser._parsePacket (C:\Users\Owner\Desktop\Studies\תרגילים\Development Meetings\Backend\node_modules\mysql\lib\protocol\Parser.js:433:10)
    at Parser.write (C:\Users\Owner\Desktop\Studies\תרגילים\Development Meetings\Backend\node_modules\mysql\lib\protocol\Parser.js:43:10)
    at Protocol.write (C:\Users\Owner\Desktop\Studies\תרגילים\Development Meetings\Backend\node_modules\mysql\lib\protocol\Protocol.js:38:16)
    at Socket.<anonymous> (C:\Users\Owner\Desktop\Studies\תרגילים\Development Meetings\Backend\node_modules\mysql\lib\Connection.js:88:28)
    at Socket.<anonymous> (C:\Users\Owner\Desktop\Studies\תרגילים\Development Meetings\Backend\node_modules\mysql\lib\Connection.js:526:10)
    at Socket.emit (node:events:513:28)
    at Socket.emit (node:domain:489:12)
    --------------------
    at Pool.query (C:\Users\Owner\Desktop\Studies\תרגילים\Development Meetings\Backend\node_modules\mysql\lib\Pool.js:199:23)
    at C:\Users\Owner\Desktop\Studies\תרגילים\Development Meetings\Backend\src\2-utils\dal.ts:14:20
    at new Promise (<anonymous>)
    at Object.execute (C:\Users\Owner\Desktop\Studies\תרגילים\Development Meetings\Backend\src\2-utils\dal.ts:13:12)
    at Object.<anonymous> (C:\Users\Owner\Desktop\Studies\תרגילים\Development Meetings\Backend\src\5-logic\MeetingsLogic.ts:19:30)
    at step (C:\Users\Owner\Desktop\Studies\תרגילים\Development Meetings\Backend\src\5-logic\MeetingsLogic.ts:33:23)
    at Object.next (C:\Users\Owner\Desktop\Studies\תרגילים\Development Meetings\Backend\src\5-logic\MeetingsLogic.ts:14:53)
    at C:\Users\Owner\Desktop\Studies\תרגילים\Development Meetings\Backend\src\5-logic\MeetingsLogic.ts:8:71
    at new Promise (<anonymous>)
    at __awaiter (C:\Users\Owner\Desktop\Studies\תרגילים\Development Meetings\Backend\src\5-logic\MeetingsLogic.ts:4:12)
----------------------------------------------------------------------------------------------------
Mon, 29 May 2023 12:43:04 GMT
cathAll error
Stack: Error: ER_BAD_FIELD_ERROR: Unknown column 'M.developmentsGroupId' in 'where clause'
    at Query.Sequence._packetToError (C:\Users\Owner\Desktop\Studies\תרגילים\Development Meetings\Backend\node_modules\mysql\lib\protocol\sequences\Sequence.js:47:14)
    at Query.ErrorPacket (C:\Users\Owner\Desktop\Studies\תרגילים\Development Meetings\Backend\node_modules\mysql\lib\protocol\sequences\Query.js:79:18)
    at Protocol._parsePacket (C:\Users\Owner\Desktop\Studies\תרגילים\Development Meetings\Backend\node_modules\mysql\lib\protocol\Protocol.js:291:23)
    at Parser._parsePacket (C:\Users\Owner\Desktop\Studies\תרגילים\Development Meetings\Backend\node_modules\mysql\lib\protocol\Parser.js:433:10)
    at Parser.write (C:\Users\Owner\Desktop\Studies\תרגילים\Development Meetings\Backend\node_modules\mysql\lib\protocol\Parser.js:43:10)
    at Protocol.write (C:\Users\Owner\Desktop\Studies\תרגילים\Development Meetings\Backend\node_modules\mysql\lib\protocol\Protocol.js:38:16)
    at Socket.<anonymous> (C:\Users\Owner\Desktop\Studies\תרגילים\Development Meetings\Backend\node_modules\mysql\lib\Connection.js:88:28)
    at Socket.<anonymous> (C:\Users\Owner\Desktop\Studies\תרגילים\Development Meetings\Backend\node_modules\mysql\lib\Connection.js:526:10)
    at Socket.emit (node:events:513:28)
    at Socket.emit (node:domain:489:12)
    --------------------
    at Pool.query (C:\Users\Owner\Desktop\Studies\תרגילים\Development Meetings\Backend\node_modules\mysql\lib\Pool.js:199:23)
    at C:\Users\Owner\Desktop\Studies\תרגילים\Development Meetings\Backend\src\2-utils\dal.ts:14:20
    at new Promise (<anonymous>)
    at Object.execute (C:\Users\Owner\Desktop\Studies\תרגילים\Development Meetings\Backend\src\2-utils\dal.ts:13:12)
    at Object.<anonymous> (C:\Users\Owner\Desktop\Studies\תרגילים\Development Meetings\Backend\src\5-logic\MeetingsLogic.ts:19:30)
    at step (C:\Users\Owner\Desktop\Studies\תרגילים\Development Meetings\Backend\src\5-logic\MeetingsLogic.ts:33:23)
    at Object.next (C:\Users\Owner\Desktop\Studies\תרגילים\Development Meetings\Backend\src\5-logic\MeetingsLogic.ts:14:53)
    at C:\Users\Owner\Desktop\Studies\תרגילים\Development Meetings\Backend\src\5-logic\MeetingsLogic.ts:8:71
    at new Promise (<anonymous>)
    at __awaiter (C:\Users\Owner\Desktop\Studies\תרגילים\Development Meetings\Backend\src\5-logic\MeetingsLogic.ts:4:12)
----------------------------------------------------------------------------------------------------
Mon, 29 May 2023 12:43:06 GMT
cathAll error
Stack: Error: ER_BAD_FIELD_ERROR: Unknown column 'M.developmentsGroupId' in 'where clause'
    at Query.Sequence._packetToError (C:\Users\Owner\Desktop\Studies\תרגילים\Development Meetings\Backend\node_modules\mysql\lib\protocol\sequences\Sequence.js:47:14)
    at Query.ErrorPacket (C:\Users\Owner\Desktop\Studies\תרגילים\Development Meetings\Backend\node_modules\mysql\lib\protocol\sequences\Query.js:79:18)
    at Protocol._parsePacket (C:\Users\Owner\Desktop\Studies\תרגילים\Development Meetings\Backend\node_modules\mysql\lib\protocol\Protocol.js:291:23)
    at Parser._parsePacket (C:\Users\Owner\Desktop\Studies\תרגילים\Development Meetings\Backend\node_modules\mysql\lib\protocol\Parser.js:433:10)
    at Parser.write (C:\Users\Owner\Desktop\Studies\תרגילים\Development Meetings\Backend\node_modules\mysql\lib\protocol\Parser.js:43:10)
    at Protocol.write (C:\Users\Owner\Desktop\Studies\תרגילים\Development Meetings\Backend\node_modules\mysql\lib\protocol\Protocol.js:38:16)
    at Socket.<anonymous> (C:\Users\Owner\Desktop\Studies\תרגילים\Development Meetings\Backend\node_modules\mysql\lib\Connection.js:88:28)
    at Socket.<anonymous> (C:\Users\Owner\Desktop\Studies\תרגילים\Development Meetings\Backend\node_modules\mysql\lib\Connection.js:526:10)
    at Socket.emit (node:events:513:28)
    at Socket.emit (node:domain:489:12)
    --------------------
    at Pool.query (C:\Users\Owner\Desktop\Studies\תרגילים\Development Meetings\Backend\node_modules\mysql\lib\Pool.js:199:23)
    at C:\Users\Owner\Desktop\Studies\תרגילים\Development Meetings\Backend\src\2-utils\dal.ts:14:20
    at new Promise (<anonymous>)
    at Object.execute (C:\Users\Owner\Desktop\Studies\תרגילים\Development Meetings\Backend\src\2-utils\dal.ts:13:12)
    at Object.<anonymous> (C:\Users\Owner\Desktop\Studies\תרגילים\Development Meetings\Backend\src\5-logic\MeetingsLogic.ts:19:30)
    at step (C:\Users\Owner\Desktop\Studies\תרגילים\Development Meetings\Backend\src\5-logic\MeetingsLogic.ts:33:23)
    at Object.next (C:\Users\Owner\Desktop\Studies\תרגילים\Development Meetings\Backend\src\5-logic\MeetingsLogic.ts:14:53)
    at C:\Users\Owner\Desktop\Studies\תרגילים\Development Meetings\Backend\src\5-logic\MeetingsLogic.ts:8:71
    at new Promise (<anonymous>)
    at __awaiter (C:\Users\Owner\Desktop\Studies\תרגילים\Development Meetings\Backend\src\5-logic\MeetingsLogic.ts:4:12)
----------------------------------------------------------------------------------------------------
Mon, 29 May 2023 12:46:59 GMT
cathAll error
Stack: Error: ER_BAD_FIELD_ERROR: Unknown column 'M.developmentsGroupId' in 'where clause'
    at Query.Sequence._packetToError (C:\Users\Owner\Desktop\Studies\תרגילים\Development Meetings\Backend\node_modules\mysql\lib\protocol\sequences\Sequence.js:47:14)
    at Query.ErrorPacket (C:\Users\Owner\Desktop\Studies\תרגילים\Development Meetings\Backend\node_modules\mysql\lib\protocol\sequences\Query.js:79:18)
    at Protocol._parsePacket (C:\Users\Owner\Desktop\Studies\תרגילים\Development Meetings\Backend\node_modules\mysql\lib\protocol\Protocol.js:291:23)
    at Parser._parsePacket (C:\Users\Owner\Desktop\Studies\תרגילים\Development Meetings\Backend\node_modules\mysql\lib\protocol\Parser.js:433:10)
    at Parser.write (C:\Users\Owner\Desktop\Studies\תרגילים\Development Meetings\Backend\node_modules\mysql\lib\protocol\Parser.js:43:10)
    at Protocol.write (C:\Users\Owner\Desktop\Studies\תרגילים\Development Meetings\Backend\node_modules\mysql\lib\protocol\Protocol.js:38:16)
    at Socket.<anonymous> (C:\Users\Owner\Desktop\Studies\תרגילים\Development Meetings\Backend\node_modules\mysql\lib\Connection.js:88:28)
    at Socket.<anonymous> (C:\Users\Owner\Desktop\Studies\תרגילים\Development Meetings\Backend\node_modules\mysql\lib\Connection.js:526:10)
    at Socket.emit (node:events:513:28)
    at Socket.emit (node:domain:489:12)
    --------------------
    at Pool.query (C:\Users\Owner\Desktop\Studies\תרגילים\Development Meetings\Backend\node_modules\mysql\lib\Pool.js:199:23)
    at C:\Users\Owner\Desktop\Studies\תרגילים\Development Meetings\Backend\src\2-utils\dal.ts:14:20
    at new Promise (<anonymous>)
    at Object.execute (C:\Users\Owner\Desktop\Studies\תרגילים\Development Meetings\Backend\src\2-utils\dal.ts:13:12)
    at Object.<anonymous> (C:\Users\Owner\Desktop\Studies\תרגילים\Development Meetings\Backend\src\5-logic\MeetingsLogic.ts:19:30)
    at step (C:\Users\Owner\Desktop\Studies\תרגילים\Development Meetings\Backend\src\5-logic\MeetingsLogic.ts:33:23)
    at Object.next (C:\Users\Owner\Desktop\Studies\תרגילים\Development Meetings\Backend\src\5-logic\MeetingsLogic.ts:14:53)
    at C:\Users\Owner\Desktop\Studies\תרגילים\Development Meetings\Backend\src\5-logic\MeetingsLogic.ts:8:71
    at new Promise (<anonymous>)
    at __awaiter (C:\Users\Owner\Desktop\Studies\תרגילים\Development Meetings\Backend\src\5-logic\MeetingsLogic.ts:4:12)
----------------------------------------------------------------------------------------------------
Mon, 29 May 2023 12:47:01 GMT
cathAll error
Stack: Error: ER_BAD_FIELD_ERROR: Unknown column 'M.developmentsGroupId' in 'where clause'
    at Query.Sequence._packetToError (C:\Users\Owner\Desktop\Studies\תרגילים\Development Meetings\Backend\node_modules\mysql\lib\protocol\sequences\Sequence.js:47:14)
    at Query.ErrorPacket (C:\Users\Owner\Desktop\Studies\תרגילים\Development Meetings\Backend\node_modules\mysql\lib\protocol\sequences\Query.js:79:18)
    at Protocol._parsePacket (C:\Users\Owner\Desktop\Studies\תרגילים\Development Meetings\Backend\node_modules\mysql\lib\protocol\Protocol.js:291:23)
    at Parser._parsePacket (C:\Users\Owner\Desktop\Studies\תרגילים\Development Meetings\Backend\node_modules\mysql\lib\protocol\Parser.js:433:10)
    at Parser.write (C:\Users\Owner\Desktop\Studies\תרגילים\Development Meetings\Backend\node_modules\mysql\lib\protocol\Parser.js:43:10)
    at Protocol.write (C:\Users\Owner\Desktop\Studies\תרגילים\Development Meetings\Backend\node_modules\mysql\lib\protocol\Protocol.js:38:16)
    at Socket.<anonymous> (C:\Users\Owner\Desktop\Studies\תרגילים\Development Meetings\Backend\node_modules\mysql\lib\Connection.js:88:28)
    at Socket.<anonymous> (C:\Users\Owner\Desktop\Studies\תרגילים\Development Meetings\Backend\node_modules\mysql\lib\Connection.js:526:10)
    at Socket.emit (node:events:513:28)
    at Socket.emit (node:domain:489:12)
    --------------------
    at Pool.query (C:\Users\Owner\Desktop\Studies\תרגילים\Development Meetings\Backend\node_modules\mysql\lib\Pool.js:199:23)
    at C:\Users\Owner\Desktop\Studies\תרגילים\Development Meetings\Backend\src\2-utils\dal.ts:14:20
    at new Promise (<anonymous>)
    at Object.execute (C:\Users\Owner\Desktop\Studies\תרגילים\Development Meetings\Backend\src\2-utils\dal.ts:13:12)
    at Object.<anonymous> (C:\Users\Owner\Desktop\Studies\תרגילים\Development Meetings\Backend\src\5-logic\MeetingsLogic.ts:19:30)
    at step (C:\Users\Owner\Desktop\Studies\תרגילים\Development Meetings\Backend\src\5-logic\MeetingsLogic.ts:33:23)
    at Object.next (C:\Users\Owner\Desktop\Studies\תרגילים\Development Meetings\Backend\src\5-logic\MeetingsLogic.ts:14:53)
    at C:\Users\Owner\Desktop\Studies\תרגילים\Development Meetings\Backend\src\5-logic\MeetingsLogic.ts:8:71
    at new Promise (<anonymous>)
    at __awaiter (C:\Users\Owner\Desktop\Studies\תרגילים\Development Meetings\Backend\src\5-logic\MeetingsLogic.ts:4:12)
----------------------------------------------------------------------------------------------------
Mon, 29 May 2023 12:48:24 GMT
cathAll error
Stack: Error: ER_BAD_FIELD_ERROR: Unknown column 'M.developmentsGroupId' in 'where clause'
    at Query.Sequence._packetToError (C:\Users\Owner\Desktop\Studies\תרגילים\Development Meetings\Backend\node_modules\mysql\lib\protocol\sequences\Sequence.js:47:14)
    at Query.ErrorPacket (C:\Users\Owner\Desktop\Studies\תרגילים\Development Meetings\Backend\node_modules\mysql\lib\protocol\sequences\Query.js:79:18)
    at Protocol._parsePacket (C:\Users\Owner\Desktop\Studies\תרגילים\Development Meetings\Backend\node_modules\mysql\lib\protocol\Protocol.js:291:23)
    at Parser._parsePacket (C:\Users\Owner\Desktop\Studies\תרגילים\Development Meetings\Backend\node_modules\mysql\lib\protocol\Parser.js:433:10)
    at Parser.write (C:\Users\Owner\Desktop\Studies\תרגילים\Development Meetings\Backend\node_modules\mysql\lib\protocol\Parser.js:43:10)
    at Protocol.write (C:\Users\Owner\Desktop\Studies\תרגילים\Development Meetings\Backend\node_modules\mysql\lib\protocol\Protocol.js:38:16)
    at Socket.<anonymous> (C:\Users\Owner\Desktop\Studies\תרגילים\Development Meetings\Backend\node_modules\mysql\lib\Connection.js:88:28)
    at Socket.<anonymous> (C:\Users\Owner\Desktop\Studies\תרגילים\Development Meetings\Backend\node_modules\mysql\lib\Connection.js:526:10)
    at Socket.emit (node:events:513:28)
    at Socket.emit (node:domain:489:12)
    --------------------
    at Pool.query (C:\Users\Owner\Desktop\Studies\תרגילים\Development Meetings\Backend\node_modules\mysql\lib\Pool.js:199:23)
    at C:\Users\Owner\Desktop\Studies\תרגילים\Development Meetings\Backend\src\2-utils\dal.ts:14:20
    at new Promise (<anonymous>)
    at Object.execute (C:\Users\Owner\Desktop\Studies\תרגילים\Development Meetings\Backend\src\2-utils\dal.ts:13:12)
    at Object.<anonymous> (C:\Users\Owner\Desktop\Studies\תרגילים\Development Meetings\Backend\src\5-logic\MeetingsLogic.ts:19:30)
    at step (C:\Users\Owner\Desktop\Studies\תרגילים\Development Meetings\Backend\src\5-logic\MeetingsLogic.ts:33:23)
    at Object.next (C:\Users\Owner\Desktop\Studies\תרגילים\Development Meetings\Backend\src\5-logic\MeetingsLogic.ts:14:53)
    at C:\Users\Owner\Desktop\Studies\תרגילים\Development Meetings\Backend\src\5-logic\MeetingsLogic.ts:8:71
    at new Promise (<anonymous>)
    at __awaiter (C:\Users\Owner\Desktop\Studies\תרגילים\Development Meetings\Backend\src\5-logic\MeetingsLogic.ts:4:12)
----------------------------------------------------------------------------------------------------
Mon, 29 May 2023 12:48:27 GMT
cathAll error
Stack: Error: ER_BAD_FIELD_ERROR: Unknown column 'M.developmentsGroupId' in 'where clause'
    at Query.Sequence._packetToError (C:\Users\Owner\Desktop\Studies\תרגילים\Development Meetings\Backend\node_modules\mysql\lib\protocol\sequences\Sequence.js:47:14)
    at Query.ErrorPacket (C:\Users\Owner\Desktop\Studies\תרגילים\Development Meetings\Backend\node_modules\mysql\lib\protocol\sequences\Query.js:79:18)
    at Protocol._parsePacket (C:\Users\Owner\Desktop\Studies\תרגילים\Development Meetings\Backend\node_modules\mysql\lib\protocol\Protocol.js:291:23)
    at Parser._parsePacket (C:\Users\Owner\Desktop\Studies\תרגילים\Development Meetings\Backend\node_modules\mysql\lib\protocol\Parser.js:433:10)
    at Parser.write (C:\Users\Owner\Desktop\Studies\תרגילים\Development Meetings\Backend\node_modules\mysql\lib\protocol\Parser.js:43:10)
    at Protocol.write (C:\Users\Owner\Desktop\Studies\תרגילים\Development Meetings\Backend\node_modules\mysql\lib\protocol\Protocol.js:38:16)
    at Socket.<anonymous> (C:\Users\Owner\Desktop\Studies\תרגילים\Development Meetings\Backend\node_modules\mysql\lib\Connection.js:88:28)
    at Socket.<anonymous> (C:\Users\Owner\Desktop\Studies\תרגילים\Development Meetings\Backend\node_modules\mysql\lib\Connection.js:526:10)
    at Socket.emit (node:events:513:28)
    at Socket.emit (node:domain:489:12)
    --------------------
    at Pool.query (C:\Users\Owner\Desktop\Studies\תרגילים\Development Meetings\Backend\node_modules\mysql\lib\Pool.js:199:23)
    at C:\Users\Owner\Desktop\Studies\תרגילים\Development Meetings\Backend\src\2-utils\dal.ts:14:20
    at new Promise (<anonymous>)
    at Object.execute (C:\Users\Owner\Desktop\Studies\תרגילים\Development Meetings\Backend\src\2-utils\dal.ts:13:12)
    at Object.<anonymous> (C:\Users\Owner\Desktop\Studies\תרגילים\Development Meetings\Backend\src\5-logic\MeetingsLogic.ts:19:30)
    at step (C:\Users\Owner\Desktop\Studies\תרגילים\Development Meetings\Backend\src\5-logic\MeetingsLogic.ts:33:23)
    at Object.next (C:\Users\Owner\Desktop\Studies\תרגילים\Development Meetings\Backend\src\5-logic\MeetingsLogic.ts:14:53)
    at C:\Users\Owner\Desktop\Studies\תרגילים\Development Meetings\Backend\src\5-logic\MeetingsLogic.ts:8:71
    at new Promise (<anonymous>)
    at __awaiter (C:\Users\Owner\Desktop\Studies\תרגילים\Development Meetings\Backend\src\5-logic\MeetingsLogic.ts:4:12)
----------------------------------------------------------------------------------------------------
Mon, 29 May 2023 12:53:47 GMT
cathAll error
Stack: Error: ER_BAD_FIELD_ERROR: Unknown column 'M.developmentsGroupId' in 'where clause'
    at Query.Sequence._packetToError (C:\Users\Owner\Desktop\Studies\תרגילים\Development Meetings\Backend\node_modules\mysql\lib\protocol\sequences\Sequence.js:47:14)
    at Query.ErrorPacket (C:\Users\Owner\Desktop\Studies\תרגילים\Development Meetings\Backend\node_modules\mysql\lib\protocol\sequences\Query.js:79:18)
    at Protocol._parsePacket (C:\Users\Owner\Desktop\Studies\תרגילים\Development Meetings\Backend\node_modules\mysql\lib\protocol\Protocol.js:291:23)
    at Parser._parsePacket (C:\Users\Owner\Desktop\Studies\תרגילים\Development Meetings\Backend\node_modules\mysql\lib\protocol\Parser.js:433:10)
    at Parser.write (C:\Users\Owner\Desktop\Studies\תרגילים\Development Meetings\Backend\node_modules\mysql\lib\protocol\Parser.js:43:10)
    at Protocol.write (C:\Users\Owner\Desktop\Studies\תרגילים\Development Meetings\Backend\node_modules\mysql\lib\protocol\Protocol.js:38:16)
    at Socket.<anonymous> (C:\Users\Owner\Desktop\Studies\תרגילים\Development Meetings\Backend\node_modules\mysql\lib\Connection.js:88:28)
    at Socket.<anonymous> (C:\Users\Owner\Desktop\Studies\תרגילים\Development Meetings\Backend\node_modules\mysql\lib\Connection.js:526:10)
    at Socket.emit (node:events:513:28)
    at Socket.emit (node:domain:489:12)
    --------------------
    at Pool.query (C:\Users\Owner\Desktop\Studies\תרגילים\Development Meetings\Backend\node_modules\mysql\lib\Pool.js:199:23)
    at C:\Users\Owner\Desktop\Studies\תרגילים\Development Meetings\Backend\src\2-utils\dal.ts:14:20
    at new Promise (<anonymous>)
    at Object.execute (C:\Users\Owner\Desktop\Studies\תרגילים\Development Meetings\Backend\src\2-utils\dal.ts:13:12)
    at Object.<anonymous> (C:\Users\Owner\Desktop\Studies\תרגילים\Development Meetings\Backend\src\5-logic\MeetingsLogic.ts:19:30)
    at step (C:\Users\Owner\Desktop\Studies\תרגילים\Development Meetings\Backend\src\5-logic\MeetingsLogic.ts:33:23)
    at Object.next (C:\Users\Owner\Desktop\Studies\תרגילים\Development Meetings\Backend\src\5-logic\MeetingsLogic.ts:14:53)
    at C:\Users\Owner\Desktop\Studies\תרגילים\Development Meetings\Backend\src\5-logic\MeetingsLogic.ts:8:71
    at new Promise (<anonymous>)
    at __awaiter (C:\Users\Owner\Desktop\Studies\תרגילים\Development Meetings\Backend\src\5-logic\MeetingsLogic.ts:4:12)
----------------------------------------------------------------------------------------------------
Tue, 30 May 2023 10:06:31 GMT
cathAll error
Stack: Error: ER_BAD_FIELD_ERROR: Unknown column 'M.developmentsGroupId' in 'where clause'
    at Query.Sequence._packetToError (C:\Users\Owner\Desktop\Studies\תרגילים\Development Meetings\Backend\node_modules\mysql\lib\protocol\sequences\Sequence.js:47:14)
    at Query.ErrorPacket (C:\Users\Owner\Desktop\Studies\תרגילים\Development Meetings\Backend\node_modules\mysql\lib\protocol\sequences\Query.js:79:18)
    at Protocol._parsePacket (C:\Users\Owner\Desktop\Studies\תרגילים\Development Meetings\Backend\node_modules\mysql\lib\protocol\Protocol.js:291:23)
    at Parser._parsePacket (C:\Users\Owner\Desktop\Studies\תרגילים\Development Meetings\Backend\node_modules\mysql\lib\protocol\Parser.js:433:10)
    at Parser.write (C:\Users\Owner\Desktop\Studies\תרגילים\Development Meetings\Backend\node_modules\mysql\lib\protocol\Parser.js:43:10)
    at Protocol.write (C:\Users\Owner\Desktop\Studies\תרגילים\Development Meetings\Backend\node_modules\mysql\lib\protocol\Protocol.js:38:16)
    at Socket.<anonymous> (C:\Users\Owner\Desktop\Studies\תרגילים\Development Meetings\Backend\node_modules\mysql\lib\Connection.js:88:28)
    at Socket.<anonymous> (C:\Users\Owner\Desktop\Studies\תרגילים\Development Meetings\Backend\node_modules\mysql\lib\Connection.js:526:10)
    at Socket.emit (node:events:513:28)
    at Socket.emit (node:domain:489:12)
    --------------------
    at Pool.query (C:\Users\Owner\Desktop\Studies\תרגילים\Development Meetings\Backend\node_modules\mysql\lib\Pool.js:199:23)
    at C:\Users\Owner\Desktop\Studies\תרגילים\Development Meetings\Backend\src\2-utils\dal.ts:14:20
    at new Promise (<anonymous>)
    at Object.execute (C:\Users\Owner\Desktop\Studies\תרגילים\Development Meetings\Backend\src\2-utils\dal.ts:13:12)
    at Object.<anonymous> (C:\Users\Owner\Desktop\Studies\תרגילים\Development Meetings\Backend\src\5-logic\MeetingsLogic.ts:19:30)
    at step (C:\Users\Owner\Desktop\Studies\תרגילים\Development Meetings\Backend\src\5-logic\MeetingsLogic.ts:33:23)
    at Object.next (C:\Users\Owner\Desktop\Studies\תרגילים\Development Meetings\Backend\src\5-logic\MeetingsLogic.ts:14:53)
    at C:\Users\Owner\Desktop\Studies\תרגילים\Development Meetings\Backend\src\5-logic\MeetingsLogic.ts:8:71
    at new Promise (<anonymous>)
    at __awaiter (C:\Users\Owner\Desktop\Studies\תרגילים\Development Meetings\Backend\src\5-logic\MeetingsLogic.ts:4:12)
----------------------------------------------------------------------------------------------------
Tue, 30 May 2023 10:59:09 GMT
cathAll error
Stack: Error: ER_PARSE_ERROR: You have an error in your SQL syntax; check the manual that corresponds to your MariaDB server version for the right syntax to use near '?,
        ?,
        ?,
        ?
    )' at line 4
    at Query.Sequence._packetToError (C:\Users\Owner\Desktop\Studies\תרגילים\Development Meetings\Backend\node_modules\mysql\lib\protocol\sequences\Sequence.js:47:14)
    at Query.ErrorPacket (C:\Users\Owner\Desktop\Studies\תרגילים\Development Meetings\Backend\node_modules\mysql\lib\protocol\sequences\Query.js:79:18)
    at Protocol._parsePacket (C:\Users\Owner\Desktop\Studies\תרגילים\Development Meetings\Backend\node_modules\mysql\lib\protocol\Protocol.js:291:23)
    at Parser._parsePacket (C:\Users\Owner\Desktop\Studies\תרגילים\Development Meetings\Backend\node_modules\mysql\lib\protocol\Parser.js:433:10)
    at Parser.write (C:\Users\Owner\Desktop\Studies\תרגילים\Development Meetings\Backend\node_modules\mysql\lib\protocol\Parser.js:43:10)
    at Protocol.write (C:\Users\Owner\Desktop\Studies\תרגילים\Development Meetings\Backend\node_modules\mysql\lib\protocol\Protocol.js:38:16)
    at Socket.<anonymous> (C:\Users\Owner\Desktop\Studies\תרגילים\Development Meetings\Backend\node_modules\mysql\lib\Connection.js:88:28)
    at Socket.<anonymous> (C:\Users\Owner\Desktop\Studies\תרגילים\Development Meetings\Backend\node_modules\mysql\lib\Connection.js:526:10)
    at Socket.emit (node:events:513:28)
    at Socket.emit (node:domain:489:12)
    --------------------
    at Pool.query (C:\Users\Owner\Desktop\Studies\תרגילים\Development Meetings\Backend\node_modules\mysql\lib\Pool.js:199:23)
    at C:\Users\Owner\Desktop\Studies\תרגילים\Development Meetings\Backend\src\2-utils\dal.ts:14:20
    at new Promise (<anonymous>)
    at Object.execute (C:\Users\Owner\Desktop\Studies\תרגילים\Development Meetings\Backend\src\2-utils\dal.ts:13:12)
    at Object.<anonymous> (C:\Users\Owner\Desktop\Studies\תרגילים\Development Meetings\Backend\src\5-logic\MeetingsLogic.ts:42:35)
    at step (C:\Users\Owner\Desktop\Studies\תרגילים\Development Meetings\Backend\src\5-logic\MeetingsLogic.ts:33:23)
    at Object.next (C:\Users\Owner\Desktop\Studies\תרגילים\Development Meetings\Backend\src\5-logic\MeetingsLogic.ts:14:53)
    at C:\Users\Owner\Desktop\Studies\תרגילים\Development Meetings\Backend\src\5-logic\MeetingsLogic.ts:8:71
    at new Promise (<anonymous>)
    at __awaiter (C:\Users\Owner\Desktop\Studies\תרגילים\Development Meetings\Backend\src\5-logic\MeetingsLogic.ts:4:12)
----------------------------------------------------------------------------------------------------
Tue, 30 May 2023 10:59:39 GMT
cathAll error
Stack: Error: ER_BAD_NULL_ERROR: Column 'developmentsGroupId' cannot be null
    at Query.Sequence._packetToError (C:\Users\Owner\Desktop\Studies\תרגילים\Development Meetings\Backend\node_modules\mysql\lib\protocol\sequences\Sequence.js:47:14)
    at Query.ErrorPacket (C:\Users\Owner\Desktop\Studies\תרגילים\Development Meetings\Backend\node_modules\mysql\lib\protocol\sequences\Query.js:79:18)
    at Protocol._parsePacket (C:\Users\Owner\Desktop\Studies\תרגילים\Development Meetings\Backend\node_modules\mysql\lib\protocol\Protocol.js:291:23)
    at Parser._parsePacket (C:\Users\Owner\Desktop\Studies\תרגילים\Development Meetings\Backend\node_modules\mysql\lib\protocol\Parser.js:433:10)
    at Parser.write (C:\Users\Owner\Desktop\Studies\תרגילים\Development Meetings\Backend\node_modules\mysql\lib\protocol\Parser.js:43:10)
    at Protocol.write (C:\Users\Owner\Desktop\Studies\תרגילים\Development Meetings\Backend\node_modules\mysql\lib\protocol\Protocol.js:38:16)
    at Socket.<anonymous> (C:\Users\Owner\Desktop\Studies\תרגילים\Development Meetings\Backend\node_modules\mysql\lib\Connection.js:88:28)
    at Socket.<anonymous> (C:\Users\Owner\Desktop\Studies\תרגילים\Development Meetings\Backend\node_modules\mysql\lib\Connection.js:526:10)
    at Socket.emit (node:events:513:28)
    at Socket.emit (node:domain:489:12)
    --------------------
    at Pool.query (C:\Users\Owner\Desktop\Studies\תרגילים\Development Meetings\Backend\node_modules\mysql\lib\Pool.js:199:23)
    at C:\Users\Owner\Desktop\Studies\תרגילים\Development Meetings\Backend\src\2-utils\dal.ts:14:20
    at new Promise (<anonymous>)
    at Object.execute (C:\Users\Owner\Desktop\Studies\תרגילים\Development Meetings\Backend\src\2-utils\dal.ts:13:12)
    at Object.<anonymous> (C:\Users\Owner\Desktop\Studies\תרגילים\Development Meetings\Backend\src\5-logic\MeetingsLogic.ts:42:35)
    at step (C:\Users\Owner\Desktop\Studies\תרגילים\Development Meetings\Backend\src\5-logic\MeetingsLogic.ts:33:23)
    at Object.next (C:\Users\Owner\Desktop\Studies\תרגילים\Development Meetings\Backend\src\5-logic\MeetingsLogic.ts:14:53)
    at C:\Users\Owner\Desktop\Studies\תרגילים\Development Meetings\Backend\src\5-logic\MeetingsLogic.ts:8:71
    at new Promise (<anonymous>)
    at __awaiter (C:\Users\Owner\Desktop\Studies\תרגילים\Development Meetings\Backend\src\5-logic\MeetingsLogic.ts:4:12)
----------------------------------------------------------------------------------------------------
Tue, 30 May 2023 11:03:06 GMT
cathAll error
Stack: Error: ER_BAD_NULL_ERROR: Column 'developmentsGroupId' cannot be null
    at Query.Sequence._packetToError (C:\Users\Owner\Desktop\Studies\תרגילים\Development Meetings\Backend\node_modules\mysql\lib\protocol\sequences\Sequence.js:47:14)
    at Query.ErrorPacket (C:\Users\Owner\Desktop\Studies\תרגילים\Development Meetings\Backend\node_modules\mysql\lib\protocol\sequences\Query.js:79:18)
    at Protocol._parsePacket (C:\Users\Owner\Desktop\Studies\תרגילים\Development Meetings\Backend\node_modules\mysql\lib\protocol\Protocol.js:291:23)
    at Parser._parsePacket (C:\Users\Owner\Desktop\Studies\תרגילים\Development Meetings\Backend\node_modules\mysql\lib\protocol\Parser.js:433:10)
    at Parser.write (C:\Users\Owner\Desktop\Studies\תרגילים\Development Meetings\Backend\node_modules\mysql\lib\protocol\Parser.js:43:10)
    at Protocol.write (C:\Users\Owner\Desktop\Studies\תרגילים\Development Meetings\Backend\node_modules\mysql\lib\protocol\Protocol.js:38:16)
    at Socket.<anonymous> (C:\Users\Owner\Desktop\Studies\תרגילים\Development Meetings\Backend\node_modules\mysql\lib\Connection.js:88:28)
    at Socket.<anonymous> (C:\Users\Owner\Desktop\Studies\תרגילים\Development Meetings\Backend\node_modules\mysql\lib\Connection.js:526:10)
    at Socket.emit (node:events:513:28)
    at Socket.emit (node:domain:489:12)
    --------------------
    at Pool.query (C:\Users\Owner\Desktop\Studies\תרגילים\Development Meetings\Backend\node_modules\mysql\lib\Pool.js:199:23)
    at C:\Users\Owner\Desktop\Studies\תרגילים\Development Meetings\Backend\src\2-utils\dal.ts:14:20
    at new Promise (<anonymous>)
    at Object.execute (C:\Users\Owner\Desktop\Studies\תרגילים\Development Meetings\Backend\src\2-utils\dal.ts:13:12)
    at Object.<anonymous> (C:\Users\Owner\Desktop\Studies\תרגילים\Development Meetings\Backend\src\5-logic\MeetingsLogic.ts:42:35)
    at step (C:\Users\Owner\Desktop\Studies\תרגילים\Development Meetings\Backend\src\5-logic\MeetingsLogic.ts:33:23)
    at Object.next (C:\Users\Owner\Desktop\Studies\תרגילים\Development Meetings\Backend\src\5-logic\MeetingsLogic.ts:14:53)
    at C:\Users\Owner\Desktop\Studies\תרגילים\Development Meetings\Backend\src\5-logic\MeetingsLogic.ts:8:71
    at new Promise (<anonymous>)
    at __awaiter (C:\Users\Owner\Desktop\Studies\תרגילים\Development Meetings\Backend\src\5-logic\MeetingsLogic.ts:4:12)
----------------------------------------------------------------------------------------------------
Tue, 30 May 2023 11:09:10 GMT
cathAll error
Stack: Error: ER_BAD_NULL_ERROR: Column 'developmentsGroupId' cannot be null
    at Query.Sequence._packetToError (C:\Users\Owner\Desktop\Studies\תרגילים\Development Meetings\Backend\node_modules\mysql\lib\protocol\sequences\Sequence.js:47:14)
    at Query.ErrorPacket (C:\Users\Owner\Desktop\Studies\תרגילים\Development Meetings\Backend\node_modules\mysql\lib\protocol\sequences\Query.js:79:18)
    at Protocol._parsePacket (C:\Users\Owner\Desktop\Studies\תרגילים\Development Meetings\Backend\node_modules\mysql\lib\protocol\Protocol.js:291:23)
    at Parser._parsePacket (C:\Users\Owner\Desktop\Studies\תרגילים\Development Meetings\Backend\node_modules\mysql\lib\protocol\Parser.js:433:10)
    at Parser.write (C:\Users\Owner\Desktop\Studies\תרגילים\Development Meetings\Backend\node_modules\mysql\lib\protocol\Parser.js:43:10)
    at Protocol.write (C:\Users\Owner\Desktop\Studies\תרגילים\Development Meetings\Backend\node_modules\mysql\lib\protocol\Protocol.js:38:16)
    at Socket.<anonymous> (C:\Users\Owner\Desktop\Studies\תרגילים\Development Meetings\Backend\node_modules\mysql\lib\Connection.js:88:28)
    at Socket.<anonymous> (C:\Users\Owner\Desktop\Studies\תרגילים\Development Meetings\Backend\node_modules\mysql\lib\Connection.js:526:10)
    at Socket.emit (node:events:513:28)
    at Socket.emit (node:domain:489:12)
    --------------------
    at Pool.query (C:\Users\Owner\Desktop\Studies\תרגילים\Development Meetings\Backend\node_modules\mysql\lib\Pool.js:199:23)
    at C:\Users\Owner\Desktop\Studies\תרגילים\Development Meetings\Backend\src\2-utils\dal.ts:14:20
    at new Promise (<anonymous>)
    at Object.execute (C:\Users\Owner\Desktop\Studies\תרגילים\Development Meetings\Backend\src\2-utils\dal.ts:13:12)
    at Object.<anonymous> (C:\Users\Owner\Desktop\Studies\תרגילים\Development Meetings\Backend\src\5-logic\MeetingsLogic.ts:42:35)
    at step (C:\Users\Owner\Desktop\Studies\תרגילים\Development Meetings\Backend\src\5-logic\MeetingsLogic.ts:33:23)
    at Object.next (C:\Users\Owner\Desktop\Studies\תרגילים\Development Meetings\Backend\src\5-logic\MeetingsLogic.ts:14:53)
    at C:\Users\Owner\Desktop\Studies\תרגילים\Development Meetings\Backend\src\5-logic\MeetingsLogic.ts:8:71
    at new Promise (<anonymous>)
    at __awaiter (C:\Users\Owner\Desktop\Studies\תרגילים\Development Meetings\Backend\src\5-logic\MeetingsLogic.ts:4:12)
----------------------------------------------------------------------------------------------------
Tue, 30 May 2023 11:10:54 GMT
cathAll error
Stack: Error: ER_BAD_NULL_ERROR: Column 'developmentsGroupId' cannot be null
    at Query.Sequence._packetToError (C:\Users\Owner\Desktop\Studies\תרגילים\Development Meetings\Backend\node_modules\mysql\lib\protocol\sequences\Sequence.js:47:14)
    at Query.ErrorPacket (C:\Users\Owner\Desktop\Studies\תרגילים\Development Meetings\Backend\node_modules\mysql\lib\protocol\sequences\Query.js:79:18)
    at Protocol._parsePacket (C:\Users\Owner\Desktop\Studies\תרגילים\Development Meetings\Backend\node_modules\mysql\lib\protocol\Protocol.js:291:23)
    at Parser._parsePacket (C:\Users\Owner\Desktop\Studies\תרגילים\Development Meetings\Backend\node_modules\mysql\lib\protocol\Parser.js:433:10)
    at Parser.write (C:\Users\Owner\Desktop\Studies\תרגילים\Development Meetings\Backend\node_modules\mysql\lib\protocol\Parser.js:43:10)
    at Protocol.write (C:\Users\Owner\Desktop\Studies\תרגילים\Development Meetings\Backend\node_modules\mysql\lib\protocol\Protocol.js:38:16)
    at Socket.<anonymous> (C:\Users\Owner\Desktop\Studies\תרגילים\Development Meetings\Backend\node_modules\mysql\lib\Connection.js:88:28)
    at Socket.<anonymous> (C:\Users\Owner\Desktop\Studies\תרגילים\Development Meetings\Backend\node_modules\mysql\lib\Connection.js:526:10)
    at Socket.emit (node:events:513:28)
    at Socket.emit (node:domain:489:12)
    --------------------
    at Pool.query (C:\Users\Owner\Desktop\Studies\תרגילים\Development Meetings\Backend\node_modules\mysql\lib\Pool.js:199:23)
    at C:\Users\Owner\Desktop\Studies\תרגילים\Development Meetings\Backend\src\2-utils\dal.ts:14:20
    at new Promise (<anonymous>)
    at Object.execute (C:\Users\Owner\Desktop\Studies\תרגילים\Development Meetings\Backend\src\2-utils\dal.ts:13:12)
    at Object.<anonymous> (C:\Users\Owner\Desktop\Studies\תרגילים\Development Meetings\Backend\src\5-logic\MeetingsLogic.ts:42:35)
    at step (C:\Users\Owner\Desktop\Studies\תרגילים\Development Meetings\Backend\src\5-logic\MeetingsLogic.ts:33:23)
    at Object.next (C:\Users\Owner\Desktop\Studies\תרגילים\Development Meetings\Backend\src\5-logic\MeetingsLogic.ts:14:53)
    at C:\Users\Owner\Desktop\Studies\תרגילים\Development Meetings\Backend\src\5-logic\MeetingsLogic.ts:8:71
    at new Promise (<anonymous>)
    at __awaiter (C:\Users\Owner\Desktop\Studies\תרגילים\Development Meetings\Backend\src\5-logic\MeetingsLogic.ts:4:12)
----------------------------------------------------------------------------------------------------
